INFO: starting new backup job: vzdump 508 --compress zstd --notification-mode auto --remove 0 --notes-template '{{guestname}}' --mode snapshot --storage local --node proxmox7
INFO: Starting Backup of VM 508 (qemu)
INFO: Backup started at 2025-04-23 11:39:17
INFO: status = running
INFO: VM Name: OMV
INFO: include disk 'scsi0' 'local-lvm:vm-508-disk-0' 30G
INFO: include disk 'sata0' 'local-lvm:vm-508-disk-2' 25G
INFO: include disk 'sata1' 'local-lvm:vm-508-disk-3' 25G
INFO: include disk 'sata2' 'local-lvm:vm-508-disk-4' 25G
INFO: backup mode: snapshot
INFO: ionice priority: 7
INFO: skip unused drive 'local-lvm:vm-508-disk-1' (not included into backup)
INFO: snapshots found (not included into backup)
INFO: creating vzdump archive '/var/lib/vz/dump/vzdump-qemu-508-2025_04_23-11_39_17.vma.zst'
INFO: started backup task '24625290-e915-49b7-841c-9b1f7b02e068'
INFO: resuming VM again
INFO:   0% (438.6 MiB of 105.0 GiB) in 3s, read: 146.2 MiB/s, write: 107.5 MiB/s
INFO:   1% (1.1 GiB of 105.0 GiB) in 9s, read: 119.0 MiB/s, write: 112.1 MiB/s
INFO:   3% (3.9 GiB of 105.0 GiB) in 16s, read: 402.8 MiB/s, write: 77.3 MiB/s
INFO:  11% (12.2 GiB of 105.0 GiB) in 19s, read: 2.8 GiB/s, write: 62.7 KiB/s
INFO:  13% (14.4 GiB of 105.0 GiB) in 22s, read: 744.3 MiB/s, write: 81.2 MiB/s
INFO:  14% (14.8 GiB of 105.0 GiB) in 26s, read: 108.3 MiB/s, write: 104.5 MiB/s
INFO:  15% (16.2 GiB of 105.0 GiB) in 32s, read: 238.5 MiB/s, write: 92.1 MiB/s
INFO:  17% (18.4 GiB of 105.0 GiB) in 35s, read: 746.5 MiB/s, write: 77.9 MiB/s
INFO:  19% (20.0 GiB of 105.0 GiB) in 40s, read: 334.4 MiB/s, write: 94.5 MiB/s
INFO:  21% (22.4 GiB of 105.0 GiB) in 47s, read: 345.0 MiB/s, write: 114.7 MiB/s
INFO:  29% (30.5 GiB of 105.0 GiB) in 50s, read: 2.7 GiB/s, write: 5.3 MiB/s
INFO:  34% (36.6 GiB of 105.0 GiB) in 53s, read: 2.0 GiB/s, write: 81.3 KiB/s
INFO:  40% (42.0 GiB of 105.0 GiB) in 56s, read: 1.8 GiB/s, write: 24.0 KiB/s
INFO:  42% (44.9 GiB of 105.0 GiB) in 59s, read: 977.7 MiB/s, write: 352.0 KiB/s
INFO:  49% (52.3 GiB of 105.0 GiB) in 1m 2s, read: 2.5 GiB/s, write: 24.0 KiB/s
INFO:  55% (58.2 GiB of 105.0 GiB) in 1m 5s, read: 2.0 GiB/s, write: 861.3 KiB/s
INFO:  60% (64.0 GiB of 105.0 GiB) in 1m 8s, read: 1.9 GiB/s, write: 21.3 KiB/s
INFO:  65% (69.1 GiB of 105.0 GiB) in 1m 11s, read: 1.7 GiB/s, write: 277.3 KiB/s
INFO:  73% (76.8 GiB of 105.0 GiB) in 1m 14s, read: 2.6 GiB/s, write: 21.3 KiB/s
INFO:  80% (84.8 GiB of 105.0 GiB) in 1m 17s, read: 2.7 GiB/s, write: 898.7 KiB/s
INFO:  87% (92.2 GiB of 105.0 GiB) in 1m 20s, read: 2.5 GiB/s, write: 366.7 KiB/s
INFO:  96% (101.0 GiB of 105.0 GiB) in 1m 23s, read: 2.9 GiB/s, write: 28.0 KiB/s
INFO: 100% (105.0 GiB of 105.0 GiB) in 1m 25s, read: 2.0 GiB/s, write: 144.0 KiB/s
INFO: backup is sparse: 100.82 GiB (96%) total zero data
INFO: transferred 105.00 GiB in 85 seconds (1.2 GiB/s)
INFO: archive file size: 1.75GB
INFO: adding notes to backup
INFO: Finished Backup of VM 508 (00:01:25)
INFO: Backup finished at 2025-04-23 11:40:42
INFO: Backup job finished successfully
INFO: notified via target `mail-to-root`
TASK OK
