INFO: starting new backup job: vzdump 510 --node proxmox7 --notes-template '{{guestname}}' --mode snapshot --storage local --compress zstd --notification-mode auto --remove 0
INFO: Starting Backup of VM 510 (qemu)
INFO: Backup started at 2025-04-23 11:22:00
INFO: status = running
INFO: VM Name: Zabbix-GLPI
INFO: include disk 'scsi0' 'local-lvm:vm-510-disk-0' 10G
INFO: backup mode: snapshot
INFO: ionice priority: 7
INFO: snapshots found (not included into backup)
INFO: creating vzdump archive '/var/lib/vz/dump/vzdump-qemu-510-2025_04_23-11_22_00.vma.zst'
INFO: started backup task '1fc141fb-e9ad-4f49-bbe6-47095e0a57ed'
INFO: resuming VM again
INFO:   4% (438.6 MiB of 10.0 GiB) in 3s, read: 146.2 MiB/s, write: 109.7 MiB/s
INFO:   8% (865.9 MiB of 10.0 GiB) in 6s, read: 142.4 MiB/s, write: 123.3 MiB/s
INFO:  11% (1.2 GiB of 10.0 GiB) in 9s, read: 117.4 MiB/s, write: 112.5 MiB/s
INFO:  15% (1.6 GiB of 10.0 GiB) in 12s, read: 137.7 MiB/s, write: 116.5 MiB/s
INFO:  19% (2.0 GiB of 10.0 GiB) in 15s, read: 123.2 MiB/s, write: 117.0 MiB/s
INFO:  24% (2.5 GiB of 10.0 GiB) in 18s, read: 186.1 MiB/s, write: 149.8 MiB/s
INFO:  28% (2.9 GiB of 10.0 GiB) in 21s, read: 128.1 MiB/s, write: 122.8 MiB/s
INFO:  31% (3.2 GiB of 10.0 GiB) in 24s, read: 97.9 MiB/s, write: 96.5 MiB/s
INFO:  35% (3.5 GiB of 10.0 GiB) in 27s, read: 131.7 MiB/s, write: 129.4 MiB/s
INFO:  38% (3.8 GiB of 10.0 GiB) in 30s, read: 100.3 MiB/s, write: 99.1 MiB/s
INFO:  43% (4.4 GiB of 10.0 GiB) in 33s, read: 180.0 MiB/s, write: 123.0 MiB/s
INFO:  63% (6.3 GiB of 10.0 GiB) in 36s, read: 667.0 MiB/s, write: 109.5 MiB/s
INFO:  67% (6.7 GiB of 10.0 GiB) in 39s, read: 142.6 MiB/s, write: 130.4 MiB/s
INFO:  78% (7.9 GiB of 10.0 GiB) in 42s, read: 395.1 MiB/s, write: 89.2 MiB/s
INFO:  83% (8.4 GiB of 10.0 GiB) in 45s, read: 165.5 MiB/s, write: 93.3 MiB/s
INFO:  87% (8.7 GiB of 10.0 GiB) in 48s, read: 114.8 MiB/s, write: 110.5 MiB/s
INFO:  91% (9.2 GiB of 10.0 GiB) in 51s, read: 147.4 MiB/s, write: 119.6 MiB/s
INFO: 100% (10.0 GiB of 10.0 GiB) in 53s, read: 434.7 MiB/s, write: 46.9 MiB/s
INFO: backup is sparse: 4.19 GiB (41%) total zero data
INFO: transferred 10.00 GiB in 53 seconds (193.2 MiB/s)
INFO: archive file size: 1.59GB
INFO: adding notes to backup
INFO: Finished Backup of VM 510 (00:00:54)
INFO: Backup finished at 2025-04-23 11:22:54
INFO: Backup job finished successfully
INFO: notified via target `mail-to-root`
TASK OK
