INFO: starting new backup job: vzdump 503 --compress zstd --remove 0 --notification-mode auto --node proxmox7 --notes-template '{{guestname}}' --storage local --mode snapshot
INFO: Starting Backup of VM 503 (qemu)
INFO: Backup started at 2025-04-23 11:04:21
INFO: status = running
INFO: VM Name: ADMIN
INFO: include disk 'ide0' 'local-lvm:vm-503-disk-0' 32G
INFO: backup mode: snapshot
INFO: ionice priority: 7
INFO: snapshots found (not included into backup)
INFO: creating vzdump archive '/var/lib/vz/dump/vzdump-qemu-503-2025_04_23-11_04_21.vma.zst'
INFO: started backup task '6a1db3ac-4eb3-4903-aefe-9c797bd70f23'
INFO: resuming VM again
INFO:   0% (311.8 MiB of 32.0 GiB) in 3s, read: 103.9 MiB/s, write: 93.1 MiB/s
INFO:   1% (616.2 MiB of 32.0 GiB) in 6s, read: 101.5 MiB/s, write: 99.5 MiB/s
INFO:   2% (888.1 MiB of 32.0 GiB) in 9s, read: 90.6 MiB/s, write: 86.0 MiB/s
INFO:   3% (1.1 GiB of 32.0 GiB) in 12s, read: 87.0 MiB/s, write: 86.9 MiB/s
INFO:   4% (1.4 GiB of 32.0 GiB) in 15s, read: 83.4 MiB/s, write: 83.0 MiB/s
INFO:   5% (1.6 GiB of 32.0 GiB) in 18s, read: 96.7 MiB/s, write: 96.2 MiB/s
INFO:   6% (2.0 GiB of 32.0 GiB) in 21s, read: 118.4 MiB/s, write: 109.8 MiB/s
INFO:   7% (2.3 GiB of 32.0 GiB) in 24s, read: 101.5 MiB/s, write: 101.4 MiB/s
INFO:   8% (2.6 GiB of 32.0 GiB) in 27s, read: 107.4 MiB/s, write: 106.8 MiB/s
INFO:   9% (2.9 GiB of 32.0 GiB) in 30s, read: 110.1 MiB/s, write: 108.2 MiB/s
INFO:  10% (3.3 GiB of 32.0 GiB) in 33s, read: 114.3 MiB/s, write: 113.5 MiB/s
INFO:  11% (3.6 GiB of 32.0 GiB) in 39s, read: 58.2 MiB/s, write: 58.1 MiB/s
INFO:  12% (3.9 GiB of 32.0 GiB) in 42s, read: 107.5 MiB/s, write: 106.7 MiB/s
INFO:  13% (4.2 GiB of 32.0 GiB) in 45s, read: 100.3 MiB/s, write: 99.1 MiB/s
INFO:  14% (4.5 GiB of 32.0 GiB) in 48s, read: 103.9 MiB/s, write: 103.3 MiB/s
INFO:  15% (4.8 GiB of 32.0 GiB) in 51s, read: 99.1 MiB/s, write: 98.2 MiB/s
INFO:  16% (5.1 GiB of 32.0 GiB) in 54s, read: 111.2 MiB/s, write: 107.6 MiB/s
INFO:  17% (5.5 GiB of 32.0 GiB) in 57s, read: 107.5 MiB/s, write: 105.8 MiB/s
INFO:  18% (5.8 GiB of 32.0 GiB) in 1m, read: 117.2 MiB/s, write: 114.9 MiB/s
INFO:  19% (6.1 GiB of 32.0 GiB) in 1m 3s, read: 99.1 MiB/s, write: 93.7 MiB/s
INFO:  20% (6.4 GiB of 32.0 GiB) in 1m 6s, read: 122.0 MiB/s, write: 120.1 MiB/s
INFO:  21% (6.7 GiB of 32.0 GiB) in 1m 13s, read: 42.5 MiB/s, write: 42.3 MiB/s
INFO:  22% (7.0 GiB of 32.0 GiB) in 1m 16s, read: 106.3 MiB/s, write: 105.7 MiB/s
INFO:  23% (7.5 GiB of 32.0 GiB) in 1m 20s, read: 108.8 MiB/s, write: 108.1 MiB/s
INFO:  24% (7.8 GiB of 32.0 GiB) in 1m 23s, read: 102.7 MiB/s, write: 101.5 MiB/s
INFO:  25% (8.1 GiB of 32.0 GiB) in 1m 26s, read: 107.5 MiB/s, write: 107.1 MiB/s
INFO:  26% (8.4 GiB of 32.0 GiB) in 1m 29s, read: 114.8 MiB/s, write: 114.4 MiB/s
INFO:  27% (8.8 GiB of 32.0 GiB) in 1m 32s, read: 128.1 MiB/s, write: 128.0 MiB/s
INFO:  28% (9.2 GiB of 32.0 GiB) in 1m 35s, read: 126.9 MiB/s, write: 125.5 MiB/s
INFO:  29% (9.5 GiB of 32.0 GiB) in 1m 38s, read: 117.2 MiB/s, write: 116.7 MiB/s
INFO:  30% (9.8 GiB of 32.0 GiB) in 1m 41s, read: 88.2 MiB/s, write: 85.5 MiB/s
INFO:  31% (10.0 GiB of 32.0 GiB) in 1m 49s, read: 26.7 MiB/s, write: 26.2 MiB/s
INFO:  32% (10.3 GiB of 32.0 GiB) in 1m 54s, read: 73.2 MiB/s, write: 63.4 MiB/s
INFO:  33% (10.7 GiB of 32.0 GiB) in 1m 57s, read: 129.4 MiB/s, write: 96.6 MiB/s
INFO:  34% (11.0 GiB of 32.0 GiB) in 2m, read: 112.4 MiB/s, write: 111.7 MiB/s
INFO:  35% (11.4 GiB of 32.0 GiB) in 2m 3s, read: 116.0 MiB/s, write: 115.1 MiB/s
INFO:  37% (11.9 GiB of 32.0 GiB) in 2m 6s, read: 187.3 MiB/s, write: 100.8 MiB/s
INFO:  38% (12.2 GiB of 32.0 GiB) in 2m 9s, read: 77.3 MiB/s, write: 77.3 MiB/s
INFO:  39% (12.5 GiB of 32.0 GiB) in 2m 13s, read: 84.3 MiB/s, write: 84.3 MiB/s
INFO:  43% (13.8 GiB of 32.0 GiB) in 2m 16s, read: 437.4 MiB/s, write: 72.1 MiB/s
INFO:  44% (14.2 GiB of 32.0 GiB) in 2m 26s, read: 41.5 MiB/s, write: 41.5 MiB/s
INFO:  45% (14.5 GiB of 32.0 GiB) in 2m 29s, read: 123.7 MiB/s, write: 123.2 MiB/s
INFO:  46% (15.0 GiB of 32.0 GiB) in 2m 32s, read: 143.8 MiB/s, write: 143.7 MiB/s
INFO:  48% (15.4 GiB of 32.0 GiB) in 2m 35s, read: 146.2 MiB/s, write: 146.0 MiB/s
INFO:  49% (15.7 GiB of 32.0 GiB) in 2m 38s, read: 122.0 MiB/s, write: 120.5 MiB/s
INFO:  50% (16.1 GiB of 32.0 GiB) in 2m 41s, read: 120.8 MiB/s, write: 119.8 MiB/s
INFO:  51% (16.5 GiB of 32.0 GiB) in 2m 44s, read: 136.5 MiB/s, write: 136.2 MiB/s
INFO:  52% (16.9 GiB of 32.0 GiB) in 2m 47s, read: 138.5 MiB/s, write: 138.5 MiB/s
INFO:  53% (17.3 GiB of 32.0 GiB) in 2m 50s, read: 123.7 MiB/s, write: 123.3 MiB/s
INFO:  55% (17.6 GiB of 32.0 GiB) in 2m 53s, read: 128.1 MiB/s, write: 127.5 MiB/s
INFO:  56% (17.9 GiB of 32.0 GiB) in 2m 58s, read: 58.5 MiB/s, write: 58.3 MiB/s
INFO:  57% (18.2 GiB of 32.0 GiB) in 3m 3s, read: 64.8 MiB/s, write: 64.6 MiB/s
INFO:  58% (18.6 GiB of 32.0 GiB) in 3m 6s, read: 119.3 MiB/s, write: 119.2 MiB/s
INFO:  59% (19.0 GiB of 32.0 GiB) in 3m 9s, read: 146.3 MiB/s, write: 145.5 MiB/s
INFO:  60% (19.4 GiB of 32.0 GiB) in 3m 12s, read: 144.0 MiB/s, write: 143.5 MiB/s
INFO:  61% (19.8 GiB of 32.0 GiB) in 3m 15s, read: 128.6 MiB/s, write: 128.1 MiB/s
INFO:  63% (20.3 GiB of 32.0 GiB) in 3m 18s, read: 149.3 MiB/s, write: 149.2 MiB/s
INFO:  64% (20.6 GiB of 32.0 GiB) in 3m 21s, read: 125.7 MiB/s, write: 125.6 MiB/s
INFO:  65% (21.1 GiB of 32.0 GiB) in 3m 24s, read: 160.7 MiB/s, write: 159.5 MiB/s
INFO:  67% (21.5 GiB of 32.0 GiB) in 3m 27s, read: 128.1 MiB/s, write: 115.5 MiB/s
INFO:  68% (21.8 GiB of 32.0 GiB) in 3m 30s, read: 111.2 MiB/s, write: 111.1 MiB/s
INFO:  69% (22.2 GiB of 32.0 GiB) in 3m 33s, read: 151.0 MiB/s, write: 149.7 MiB/s
INFO:  70% (22.6 GiB of 32.0 GiB) in 3m 36s, read: 129.4 MiB/s, write: 125.6 MiB/s
INFO:  71% (22.8 GiB of 32.0 GiB) in 3m 40s, read: 33.8 MiB/s, write: 33.1 MiB/s
INFO:  72% (23.1 GiB of 32.0 GiB) in 3m 46s, read: 62.0 MiB/s, write: 61.8 MiB/s
INFO:  73% (23.5 GiB of 32.0 GiB) in 3m 49s, read: 117.2 MiB/s, write: 117.1 MiB/s
INFO:  74% (23.7 GiB of 32.0 GiB) in 3m 52s, read: 88.2 MiB/s, write: 88.2 MiB/s
INFO:  75% (24.0 GiB of 32.0 GiB) in 3m 55s, read: 101.2 MiB/s, write: 101.2 MiB/s
INFO:  76% (24.3 GiB of 32.0 GiB) in 3m 58s, read: 109.1 MiB/s, write: 109.0 MiB/s
INFO:  77% (24.8 GiB of 32.0 GiB) in 4m 1s, read: 153.9 MiB/s, write: 153.6 MiB/s
INFO:  78% (25.1 GiB of 32.0 GiB) in 4m 4s, read: 121.6 MiB/s, write: 118.9 MiB/s
INFO:  79% (25.4 GiB of 32.0 GiB) in 4m 7s, read: 103.9 MiB/s, write: 103.9 MiB/s
INFO:  80% (25.7 GiB of 32.0 GiB) in 4m 10s, read: 91.8 MiB/s, write: 90.5 MiB/s
INFO:  81% (26.1 GiB of 32.0 GiB) in 4m 13s, read: 117.2 MiB/s, write: 116.8 MiB/s
INFO:  82% (26.5 GiB of 32.0 GiB) in 4m 16s, read: 153.5 MiB/s, write: 150.1 MiB/s
INFO:  83% (26.8 GiB of 32.0 GiB) in 4m 19s, read: 110.9 MiB/s, write: 56.0 MiB/s
INFO:  84% (26.9 GiB of 32.0 GiB) in 4m 22s, read: 31.7 MiB/s, write: 31.7 MiB/s
INFO:  85% (27.4 GiB of 32.0 GiB) in 4m 25s, read: 157.6 MiB/s, write: 84.9 MiB/s
INFO:  86% (27.7 GiB of 32.0 GiB) in 4m 28s, read: 99.7 MiB/s, write: 99.7 MiB/s
INFO:  87% (28.0 GiB of 32.0 GiB) in 4m 31s, read: 111.2 MiB/s, write: 111.1 MiB/s
INFO:  99% (31.9 GiB of 32.0 GiB) in 4m 34s, read: 1.3 GiB/s, write: 124.0 MiB/s
INFO: 100% (32.0 GiB of 32.0 GiB) in 4m 35s, read: 135.3 MiB/s, write: 133.3 MiB/s
INFO: backup is sparse: 5.63 GiB (17%) total zero data
INFO: transferred 32.00 GiB in 275 seconds (119.2 MiB/s)
INFO: archive file size: 15.61GB
INFO: adding notes to backup
INFO: Finished Backup of VM 503 (00:04:36)
INFO: Backup finished at 2025-04-23 11:08:57
INFO: Backup job finished successfully
INFO: notified via target `mail-to-root`
TASK OK
