INFO: trying to get global lock - waiting...
INFO: got global lock
INFO: starting new backup job: vzdump 524 --storage local --mode snapshot --notes-template '{{guestname}}' --node proxmox7 --remove 0 --notification-mode auto --compress zstd
INFO: Starting Backup of VM 524 (qemu)
INFO: Backup started at 2025-04-23 11:51:55
INFO: status = running
INFO: VM Name: WINDOW-SERV-AP
INFO: include disk 'scsi0' 'local-lvm:vm-524-disk-1' 25G
INFO: include disk 'efidisk0' 'local-lvm:vm-524-disk-0' 4M
INFO: include disk 'tpmstate0' 'local-lvm:vm-524-disk-2' 4M
INFO: backup mode: snapshot
INFO: ionice priority: 7
INFO: snapshots found (not included into backup)
INFO: creating vzdump archive '/var/lib/vz/dump/vzdump-qemu-524-2025_04_23-11_51_55.vma.zst'
INFO: attaching TPM drive to QEMU for backup
INFO: started backup task 'de9a87a5-edab-4314-99f5-828b0ba0b948'
INFO: resuming VM again
INFO:   3% (790.2 MiB of 25.0 GiB) in 3s, read: 263.4 MiB/s, write: 197.6 MiB/s
INFO:   4% (1.1 GiB of 25.0 GiB) in 6s, read: 107.5 MiB/s, write: 93.8 MiB/s
INFO:   5% (1.3 GiB of 25.0 GiB) in 10s, read: 46.2 MiB/s, write: 46.1 MiB/s
INFO:   6% (1.6 GiB of 25.0 GiB) in 13s, read: 96.7 MiB/s, write: 95.8 MiB/s
INFO:   7% (2.0 GiB of 25.0 GiB) in 16s, read: 151.0 MiB/s, write: 149.6 MiB/s
INFO:   9% (2.3 GiB of 25.0 GiB) in 19s, read: 116.1 MiB/s, write: 112.7 MiB/s
INFO:  10% (2.6 GiB of 25.0 GiB) in 22s, read: 86.9 MiB/s, write: 86.9 MiB/s
INFO:  11% (2.9 GiB of 25.0 GiB) in 25s, read: 112.4 MiB/s, write: 112.4 MiB/s
INFO:  12% (3.2 GiB of 25.0 GiB) in 28s, read: 101.5 MiB/s, write: 101.4 MiB/s
INFO:  13% (3.5 GiB of 25.0 GiB) in 31s, read: 96.7 MiB/s, write: 95.3 MiB/s
INFO:  15% (3.9 GiB of 25.0 GiB) in 34s, read: 136.5 MiB/s, write: 104.5 MiB/s
INFO:  16% (4.1 GiB of 25.0 GiB) in 37s, read: 69.4 MiB/s, write: 69.0 MiB/s
INFO:  17% (4.3 GiB of 25.0 GiB) in 40s, read: 58.7 MiB/s, write: 58.2 MiB/s
INFO:  18% (4.5 GiB of 25.0 GiB) in 43s, read: 91.8 MiB/s, write: 91.5 MiB/s
INFO:  19% (4.9 GiB of 25.0 GiB) in 46s, read: 111.2 MiB/s, write: 110.8 MiB/s
INFO:  20% (5.1 GiB of 25.0 GiB) in 49s, read: 87.6 MiB/s, write: 87.3 MiB/s
INFO:  23% (6.0 GiB of 25.0 GiB) in 52s, read: 299.1 MiB/s, write: 299.0 MiB/s
INFO:  25% (6.4 GiB of 25.0 GiB) in 55s, read: 123.2 MiB/s, write: 122.2 MiB/s
INFO:  26% (6.6 GiB of 25.0 GiB) in 58s, read: 82.2 MiB/s, write: 81.9 MiB/s
INFO:  27% (6.9 GiB of 25.0 GiB) in 1m 1s, read: 93.0 MiB/s, write: 92.8 MiB/s
INFO:  28% (7.2 GiB of 25.0 GiB) in 1m 4s, read: 94.2 MiB/s, write: 93.7 MiB/s
INFO:  29% (7.4 GiB of 25.0 GiB) in 1m 7s, read: 96.7 MiB/s, write: 95.9 MiB/s
INFO:  30% (7.7 GiB of 25.0 GiB) in 1m 10s, read: 96.8 MiB/s, write: 96.7 MiB/s
INFO:  31% (7.9 GiB of 25.0 GiB) in 1m 13s, read: 55.0 MiB/s, write: 50.9 MiB/s
INFO:  32% (8.2 GiB of 25.0 GiB) in 1m 16s, read: 94.7 MiB/s, write: 91.8 MiB/s
INFO:  33% (8.5 GiB of 25.0 GiB) in 1m 19s, read: 101.5 MiB/s, write: 101.3 MiB/s
INFO:  34% (8.7 GiB of 25.0 GiB) in 1m 22s, read: 91.8 MiB/s, write: 91.7 MiB/s
INFO:  36% (9.1 GiB of 25.0 GiB) in 1m 25s, read: 124.5 MiB/s, write: 124.3 MiB/s
INFO:  38% (9.6 GiB of 25.0 GiB) in 1m 28s, read: 161.0 MiB/s, write: 158.3 MiB/s
INFO:  41% (10.3 GiB of 25.0 GiB) in 1m 31s, read: 267.2 MiB/s, write: 128.4 MiB/s
INFO:  44% (11.0 GiB of 25.0 GiB) in 1m 34s, read: 232.2 MiB/s, write: 148.4 MiB/s
INFO:  61% (15.5 GiB of 25.0 GiB) in 1m 37s, read: 1.5 GiB/s, write: 49.8 MiB/s
INFO:  95% (24.0 GiB of 25.0 GiB) in 1m 40s, read: 2.8 GiB/s, write: 0 B/s
INFO: 100% (25.0 GiB of 25.0 GiB) in 1m 41s, read: 1.0 GiB/s, write: 492.0 KiB/s
INFO: backup is sparse: 14.88 GiB (59%) total zero data
INFO: transferred 25.00 GiB in 101 seconds (253.5 MiB/s)
INFO: archive file size: 4.58GB
INFO: adding notes to backup
INFO: Finished Backup of VM 524 (00:01:42)
INFO: Backup finished at 2025-04-23 11:53:37
INFO: Backup job finished successfully
INFO: notified via target `mail-to-root`
TASK OK
