INFO: starting new backup job: vzdump 500 --node proxmox7 --notes-template '{{guestname}}' --mode snapshot --storage local --compress zstd --notification-mode auto --remove 0
INFO: Starting Backup of VM 500 (qemu)
INFO: Backup started at 2025-04-23 10:48:57
INFO: status = running
INFO: VM Name: PFSENSEAP7
INFO: include disk 'scsi0' 'local-lvm:vm-500-disk-0' 20G
INFO: backup mode: snapshot
INFO: ionice priority: 7
INFO: snapshots found (not included into backup)
INFO: creating vzdump archive '/var/lib/vz/dump/vzdump-qemu-500-2025_04_23-10_48_57.vma.zst'
INFO: started backup task '7385f585-6982-43cb-8fa7-8d1a458a2fe7'
INFO: resuming VM again
INFO:   6% (1.2 GiB of 20.0 GiB) in 3s, read: 412.9 MiB/s, write: 70.1 MiB/s
INFO:   7% (1.5 GiB of 20.0 GiB) in 6s, read: 111.1 MiB/s, write: 111.1 MiB/s
INFO:   9% (1.9 GiB of 20.0 GiB) in 9s, read: 111.7 MiB/s, write: 111.7 MiB/s
INFO:  10% (2.1 GiB of 20.0 GiB) in 12s, read: 94.1 MiB/s, write: 94.1 MiB/s
INFO:  12% (2.5 GiB of 20.0 GiB) in 15s, read: 133.9 MiB/s, write: 133.9 MiB/s
INFO:  14% (2.8 GiB of 20.0 GiB) in 18s, read: 104.2 MiB/s, write: 104.2 MiB/s
INFO:  15% (3.1 GiB of 20.0 GiB) in 21s, read: 93.0 MiB/s, write: 93.0 MiB/s
INFO:  17% (3.4 GiB of 20.0 GiB) in 24s, read: 110.0 MiB/s, write: 109.9 MiB/s
INFO:  19% (3.8 GiB of 20.0 GiB) in 27s, read: 139.9 MiB/s, write: 139.9 MiB/s
INFO:  20% (4.1 GiB of 20.0 GiB) in 30s, read: 77.6 MiB/s, write: 77.6 MiB/s
INFO:  22% (4.5 GiB of 20.0 GiB) in 33s, read: 139.3 MiB/s, write: 139.3 MiB/s
INFO:  23% (4.8 GiB of 20.0 GiB) in 36s, read: 102.3 MiB/s, write: 102.3 MiB/s
INFO:  25% (5.1 GiB of 20.0 GiB) in 39s, read: 117.4 MiB/s, write: 117.4 MiB/s
INFO:  27% (5.5 GiB of 20.0 GiB) in 42s, read: 138.0 MiB/s, write: 138.0 MiB/s
INFO:  28% (5.7 GiB of 20.0 GiB) in 45s, read: 75.4 MiB/s, write: 75.4 MiB/s
INFO:  30% (6.1 GiB of 20.0 GiB) in 48s, read: 106.3 MiB/s, write: 106.3 MiB/s
INFO:  31% (6.4 GiB of 20.0 GiB) in 51s, read: 112.7 MiB/s, write: 112.7 MiB/s
INFO:  33% (6.7 GiB of 20.0 GiB) in 54s, read: 107.5 MiB/s, write: 107.4 MiB/s
INFO:  35% (7.0 GiB of 20.0 GiB) in 57s, read: 117.2 MiB/s, write: 117.1 MiB/s
INFO:  36% (7.4 GiB of 20.0 GiB) in 1m, read: 108.9 MiB/s, write: 108.9 MiB/s
INFO:  38% (7.7 GiB of 20.0 GiB) in 1m 3s, read: 114.2 MiB/s, write: 114.2 MiB/s
INFO:  40% (8.0 GiB of 20.0 GiB) in 1m 6s, read: 110.4 MiB/s, write: 110.4 MiB/s
INFO:  41% (8.3 GiB of 20.0 GiB) in 1m 9s, read: 101.1 MiB/s, write: 101.1 MiB/s
INFO:  43% (8.7 GiB of 20.0 GiB) in 1m 12s, read: 115.8 MiB/s, write: 115.8 MiB/s
INFO:  44% (8.9 GiB of 20.0 GiB) in 1m 15s, read: 85.7 MiB/s, write: 85.7 MiB/s
INFO:  46% (9.2 GiB of 20.0 GiB) in 1m 18s, read: 106.0 MiB/s, write: 106.0 MiB/s
INFO:  47% (9.5 GiB of 20.0 GiB) in 1m 21s, read: 107.3 MiB/s, write: 107.3 MiB/s
INFO:  49% (9.8 GiB of 20.0 GiB) in 1m 24s, read: 102.7 MiB/s, write: 102.7 MiB/s
INFO:  50% (10.2 GiB of 20.0 GiB) in 1m 27s, read: 118.3 MiB/s, write: 118.3 MiB/s
INFO:  52% (10.5 GiB of 20.0 GiB) in 1m 30s, read: 113.1 MiB/s, write: 113.1 MiB/s
INFO:  53% (10.8 GiB of 20.0 GiB) in 1m 33s, read: 97.7 MiB/s, write: 97.7 MiB/s
INFO:  55% (11.1 GiB of 20.0 GiB) in 1m 36s, read: 102.4 MiB/s, write: 102.4 MiB/s
INFO:  57% (11.5 GiB of 20.0 GiB) in 1m 39s, read: 123.2 MiB/s, write: 123.2 MiB/s
INFO:  58% (11.8 GiB of 20.0 GiB) in 1m 42s, read: 104.9 MiB/s, write: 104.9 MiB/s
INFO:  60% (12.1 GiB of 20.0 GiB) in 1m 45s, read: 101.9 MiB/s, write: 101.9 MiB/s
INFO:  61% (12.4 GiB of 20.0 GiB) in 1m 48s, read: 100.5 MiB/s, write: 100.5 MiB/s
INFO:  63% (12.7 GiB of 20.0 GiB) in 1m 51s, read: 107.2 MiB/s, write: 107.2 MiB/s
INFO:  64% (13.0 GiB of 20.0 GiB) in 1m 54s, read: 107.5 MiB/s, write: 107.5 MiB/s
INFO:  66% (13.3 GiB of 20.0 GiB) in 1m 57s, read: 105.1 MiB/s, write: 105.1 MiB/s
INFO:  68% (13.6 GiB of 20.0 GiB) in 2m, read: 104.9 MiB/s, write: 104.9 MiB/s
INFO:  69% (13.9 GiB of 20.0 GiB) in 2m 3s, read: 109.0 MiB/s, write: 109.0 MiB/s
INFO:  71% (14.2 GiB of 20.0 GiB) in 2m 6s, read: 102.7 MiB/s, write: 102.7 MiB/s
INFO:  72% (14.5 GiB of 20.0 GiB) in 2m 9s, read: 98.1 MiB/s, write: 98.1 MiB/s
INFO:  74% (14.8 GiB of 20.0 GiB) in 2m 12s, read: 111.7 MiB/s, write: 111.7 MiB/s
INFO:  75% (15.2 GiB of 20.0 GiB) in 2m 15s, read: 119.2 MiB/s, write: 119.1 MiB/s
INFO:  77% (15.5 GiB of 20.0 GiB) in 2m 18s, read: 103.3 MiB/s, write: 103.2 MiB/s
INFO:  78% (15.8 GiB of 20.0 GiB) in 2m 21s, read: 105.5 MiB/s, write: 105.5 MiB/s
INFO:  80% (16.1 GiB of 20.0 GiB) in 2m 24s, read: 116.0 MiB/s, write: 116.0 MiB/s
INFO:  82% (16.5 GiB of 20.0 GiB) in 2m 27s, read: 128.1 MiB/s, write: 128.1 MiB/s
INFO:  84% (16.8 GiB of 20.0 GiB) in 2m 30s, read: 110.7 MiB/s, write: 110.7 MiB/s
INFO:  85% (17.2 GiB of 20.0 GiB) in 2m 33s, read: 110.0 MiB/s, write: 110.0 MiB/s
INFO:  87% (17.5 GiB of 20.0 GiB) in 2m 36s, read: 104.3 MiB/s, write: 104.3 MiB/s
INFO:  88% (17.8 GiB of 20.0 GiB) in 2m 39s, read: 102.7 MiB/s, write: 102.7 MiB/s
INFO:  90% (18.1 GiB of 20.0 GiB) in 2m 42s, read: 107.0 MiB/s, write: 107.0 MiB/s
INFO:  91% (18.4 GiB of 20.0 GiB) in 2m 45s, read: 100.9 MiB/s, write: 100.8 MiB/s
INFO:  93% (18.7 GiB of 20.0 GiB) in 2m 48s, read: 95.5 MiB/s, write: 95.5 MiB/s
INFO:  94% (19.0 GiB of 20.0 GiB) in 2m 51s, read: 104.3 MiB/s, write: 104.3 MiB/s
INFO:  96% (19.3 GiB of 20.0 GiB) in 2m 54s, read: 115.6 MiB/s, write: 115.6 MiB/s
INFO: 100% (20.0 GiB of 20.0 GiB) in 2m 56s, read: 358.2 MiB/s, write: 104.9 MiB/s
INFO: backup is sparse: 1.50 GiB (7%) total zero data
INFO: transferred 20.00 GiB in 176 seconds (116.4 MiB/s)
INFO: archive file size: 2.43GB
INFO: adding notes to backup
INFO: Finished Backup of VM 500 (00:02:56)
INFO: Backup finished at 2025-04-23 10:51:53
INFO: Backup job finished successfully
INFO: notified via target `mail-to-root`
TASK OK
