INFO: starting new backup job: vzdump 509 --notification-mode auto --remove 0 --compress zstd --node proxmox7 --mode snapshot --storage local --notes-template '{{guestname}}'
INFO: Starting Backup of VM 509 (qemu)
INFO: Backup started at 2025-04-23 11:02:34
INFO: status = running
INFO: VM Name: DMZ
INFO: include disk 'scsi0' 'local-lvm:vm-509-disk-0' 10G
INFO: backup mode: snapshot
INFO: ionice priority: 7
INFO: creating vzdump archive '/var/lib/vz/dump/vzdump-qemu-509-2025_04_23-11_02_34.vma.zst'
INFO: started backup task '220fecf2-cf0d-4eed-8c62-daf785788fec'
INFO: resuming VM again
INFO:   4% (500.2 MiB of 10.0 GiB) in 3s, read: 166.8 MiB/s, write: 118.1 MiB/s
INFO:   8% (848.5 MiB of 10.0 GiB) in 6s, read: 116.1 MiB/s, write: 101.3 MiB/s
INFO:  12% (1.3 GiB of 10.0 GiB) in 9s, read: 152.2 MiB/s, write: 136.0 MiB/s
INFO:  16% (1.7 GiB of 10.0 GiB) in 12s, read: 145.0 MiB/s, write: 120.3 MiB/s
INFO:  21% (2.1 GiB of 10.0 GiB) in 15s, read: 149.7 MiB/s, write: 111.9 MiB/s
INFO:  25% (2.6 GiB of 10.0 GiB) in 18s, read: 150.0 MiB/s, write: 145.9 MiB/s
INFO:  29% (2.9 GiB of 10.0 GiB) in 21s, read: 120.8 MiB/s, write: 118.0 MiB/s
INFO:  32% (3.3 GiB of 10.0 GiB) in 24s, read: 123.2 MiB/s, write: 119.7 MiB/s
INFO:  37% (3.7 GiB of 10.0 GiB) in 27s, read: 141.4 MiB/s, write: 99.5 MiB/s
INFO:  44% (4.4 GiB of 10.0 GiB) in 30s, read: 253.8 MiB/s, write: 103.4 MiB/s
INFO:  56% (5.6 GiB of 10.0 GiB) in 33s, read: 408.8 MiB/s, write: 10.0 MiB/s
INFO:  64% (6.4 GiB of 10.0 GiB) in 36s, read: 264.2 MiB/s, write: 86.1 MiB/s
INFO:  74% (7.5 GiB of 10.0 GiB) in 39s, read: 357.1 MiB/s, write: 18.6 MiB/s
INFO:  82% (8.2 GiB of 10.0 GiB) in 42s, read: 250.0 MiB/s, write: 2.7 KiB/s
INFO:  89% (8.9 GiB of 10.0 GiB) in 45s, read: 239.3 MiB/s, write: 0 B/s
INFO: 100% (10.0 GiB of 10.0 GiB) in 48s, read: 374.9 MiB/s, write: 414.7 KiB/s
INFO: backup is sparse: 6.22 GiB (62%) total zero data
INFO: transferred 10.00 GiB in 48 seconds (213.3 MiB/s)
INFO: archive file size: 1.32GB
INFO: adding notes to backup
INFO: Finished Backup of VM 509 (00:00:48)
INFO: Backup finished at 2025-04-23 11:03:22
INFO: Backup job finished successfully
INFO: notified via target `mail-to-root`
TASK OK
